[0.280s] DEBUG:colcon:Command line arguments: ['/usr/bin/colcon', 'build', '--packages-select', 'ros2_service_server']
[0.281s] DEBUG:colcon:Parsed command line arguments: Namespace(log_base=None, log_level=None, verb_name='build', build_base='build', install_base='install', merge_install=False, symlink_install=False, test_result_base=None, continue_on_error=False, executor='parallel', parallel_workers=4, event_handlers=None, ignore_user_meta=False, metas=['./colcon.meta'], base_paths=['.'], packages_ignore=None, packages_ignore_regex=None, paths=None, packages_up_to=None, packages_up_to_regex=None, packages_above=None, packages_above_and_dependencies=None, packages_above_depth=None, packages_select_by_dep=None, packages_skip_by_dep=None, packages_skip_up_to=None, packages_select_build_failed=False, packages_skip_build_finished=False, packages_select_test_failures=False, packages_skip_test_passed=False, packages_select=['ros2_service_server'], packages_skip=None, packages_select_regex=None, packages_skip_regex=None, packages_start=None, packages_end=None, allow_overriding=[], cmake_args=None, cmake_target=None, cmake_target_skip_unavailable=False, cmake_clean_cache=False, cmake_clean_first=False, cmake_force_configure=False, ament_cmake_args=None, catkin_cmake_args=None, catkin_skip_building_tests=False, mixin_files=None, mixin=None, verb_parser=<colcon_mixin.mixin.mixin_argument.MixinArgumentDecorator object at 0x77eaedbeb260>, verb_extension=<colcon_core.verb.build.BuildVerb object at 0x77eaed40f4d0>, main=<bound method BuildVerb.main of <colcon_core.verb.build.BuildVerb object at 0x77eaed40f4d0>>, mixin_verb=('build',))
[0.382s] Level 1:colcon.colcon_core.package_discovery:discover_packages(colcon_meta) check parameters
[0.382s] Level 1:colcon.colcon_core.package_discovery:discover_packages(recursive) check parameters
[0.382s] Level 1:colcon.colcon_core.package_discovery:discover_packages(ignore) check parameters
[0.382s] Level 1:colcon.colcon_core.package_discovery:discover_packages(path) check parameters
[0.382s] Level 1:colcon.colcon_core.package_discovery:discover_packages(colcon_meta) discover
[0.383s] Level 1:colcon.colcon_core.package_discovery:discover_packages(recursive) discover
[0.383s] INFO:colcon.colcon_core.package_discovery:Crawling recursively for packages in '/home/shree-santh/assignment-ros2-c-service-server-shreesanth-78'
[0.383s] Level 1:colcon.colcon_core.package_identification:_identify(.) by extensions ['ignore', 'ignore_ament_install']
[0.383s] Level 1:colcon.colcon_core.package_identification:_identify(.) by extension 'ignore'
[0.383s] Level 1:colcon.colcon_core.package_identification:_identify(.) by extension 'ignore_ament_install'
[0.383s] Level 1:colcon.colcon_core.package_identification:_identify(.) by extensions ['colcon_pkg']
[0.384s] Level 1:colcon.colcon_core.package_identification:_identify(.) by extension 'colcon_pkg'
[0.384s] Level 1:colcon.colcon_core.package_identification:_identify(.) by extensions ['colcon_meta']
[0.384s] Level 1:colcon.colcon_core.package_identification:_identify(.) by extension 'colcon_meta'
[0.384s] Level 1:colcon.colcon_core.package_identification:_identify(.) by extensions ['ros']
[0.384s] Level 1:colcon.colcon_core.package_identification:_identify(.) by extension 'ros'
[0.453s] DEBUG:colcon.colcon_core.package_identification:Package '.' with type 'ros.ament_cmake' and name 'ros2_service_server'
[0.453s] Level 1:colcon.colcon_core.package_discovery:discover_packages(recursive) using defaults
[0.454s] Level 1:colcon.colcon_core.package_discovery:discover_packages(ignore) discover
[0.454s] Level 1:colcon.colcon_core.package_discovery:discover_packages(ignore) using defaults
[0.454s] Level 1:colcon.colcon_core.package_discovery:discover_packages(path) discover
[0.454s] Level 1:colcon.colcon_core.package_discovery:discover_packages(path) using defaults
[0.497s] Level 1:colcon.colcon_core.package_discovery:discover_packages(prefix_path) check parameters
[0.498s] Level 1:colcon.colcon_core.package_discovery:discover_packages(prefix_path) discover
[0.501s] DEBUG:colcon.colcon_installed_package_information.package_discovery:Found 1 installed packages in /home/shree-santh/assignment-ros2-c-service-server-shreesanth-78/install
[0.507s] DEBUG:colcon.colcon_installed_package_information.package_discovery:Found 508 installed packages in /opt/ros/jazzy
[0.512s] Level 1:colcon.colcon_core.package_discovery:discover_packages(prefix_path) using defaults
[0.671s] Level 5:colcon.colcon_core.verb:set package 'ros2_service_server' build argument 'cmake_args' from command line to 'None'
[0.671s] Level 5:colcon.colcon_core.verb:set package 'ros2_service_server' build argument 'cmake_target' from command line to 'None'
[0.671s] Level 5:colcon.colcon_core.verb:set package 'ros2_service_server' build argument 'cmake_target_skip_unavailable' from command line to 'False'
[0.671s] Level 5:colcon.colcon_core.verb:set package 'ros2_service_server' build argument 'cmake_clean_cache' from command line to 'False'
[0.671s] Level 5:colcon.colcon_core.verb:set package 'ros2_service_server' build argument 'cmake_clean_first' from command line to 'False'
[0.671s] Level 5:colcon.colcon_core.verb:set package 'ros2_service_server' build argument 'cmake_force_configure' from command line to 'False'
[0.671s] Level 5:colcon.colcon_core.verb:set package 'ros2_service_server' build argument 'ament_cmake_args' from command line to 'None'
[0.671s] Level 5:colcon.colcon_core.verb:set package 'ros2_service_server' build argument 'catkin_cmake_args' from command line to 'None'
[0.671s] Level 5:colcon.colcon_core.verb:set package 'ros2_service_server' build argument 'catkin_skip_building_tests' from command line to 'False'
[0.672s] DEBUG:colcon.colcon_core.verb:Building package 'ros2_service_server' with the following arguments: {'ament_cmake_args': None, 'build_base': '/home/shree-santh/assignment-ros2-c-service-server-shreesanth-78/build/ros2_service_server', 'catkin_cmake_args': None, 'catkin_skip_building_tests': False, 'cmake_args': None, 'cmake_clean_cache': False, 'cmake_clean_first': False, 'cmake_force_configure': False, 'cmake_target': None, 'cmake_target_skip_unavailable': False, 'install_base': '/home/shree-santh/assignment-ros2-c-service-server-shreesanth-78/install/ros2_service_server', 'merge_install': False, 'path': '/home/shree-santh/assignment-ros2-c-service-server-shreesanth-78', 'symlink_install': False, 'test_result_base': None}
[0.672s] INFO:colcon.colcon_core.executor:Executing jobs using 'parallel' executor
[0.673s] DEBUG:colcon.colcon_parallel_executor.executor.parallel:run_until_complete
[0.674s] INFO:colcon.colcon_ros.task.ament_cmake.build:Building ROS package in '/home/shree-santh/assignment-ros2-c-service-server-shreesanth-78' with build type 'ament_cmake'
[0.674s] INFO:colcon.colcon_cmake.task.cmake.build:Building CMake package in '/home/shree-santh/assignment-ros2-c-service-server-shreesanth-78'
[0.680s] INFO:colcon.colcon_core.plugin_system:Skipping extension 'colcon_core.shell.bat': Not used on non-Windows systems
[0.680s] INFO:colcon.colcon_core.shell:Skip shell extension 'powershell' for command environment: Not usable outside of PowerShell
[0.680s] DEBUG:colcon.colcon_core.shell:Skip shell extension 'dsv' for command environment
[0.704s] DEBUG:colcon.colcon_core.event_handler.log_command:Invoking command in '/home/shree-santh/assignment-ros2-c-service-server-shreesanth-78/build/ros2_service_server': CMAKE_PREFIX_PATH=${CMAKE_PREFIX_PATH}:/opt/ros/jazzy DEBUGINFOD_URLS=https://debuginfod.ubuntu.com /usr/bin/cmake --build /home/shree-santh/assignment-ros2-c-service-server-shreesanth-78/build/ros2_service_server -- -j4 -l4
[0.923s] DEBUG:colcon.colcon_core.event_handler.log_command:Invoked command in '/home/shree-santh/assignment-ros2-c-service-server-shreesanth-78/build/ros2_service_server' returned '0': CMAKE_PREFIX_PATH=${CMAKE_PREFIX_PATH}:/opt/ros/jazzy DEBUGINFOD_URLS=https://debuginfod.ubuntu.com /usr/bin/cmake --build /home/shree-santh/assignment-ros2-c-service-server-shreesanth-78/build/ros2_service_server -- -j4 -l4
[0.951s] DEBUG:colcon.colcon_core.event_handler.log_command:Invoking command in '/home/shree-santh/assignment-ros2-c-service-server-shreesanth-78/build/ros2_service_server': CMAKE_PREFIX_PATH=${CMAKE_PREFIX_PATH}:/opt/ros/jazzy DEBUGINFOD_URLS=https://debuginfod.ubuntu.com /usr/bin/cmake --install /home/shree-santh/assignment-ros2-c-service-server-shreesanth-78/build/ros2_service_server
[0.986s] Level 1:colcon.colcon_core.environment:create_environment_scripts_only(ros2_service_server)
[0.988s] DEBUG:colcon.colcon_core.event_handler.log_command:Invoked command in '/home/shree-santh/assignment-ros2-c-service-server-shreesanth-78/build/ros2_service_server' returned '0': CMAKE_PREFIX_PATH=${CMAKE_PREFIX_PATH}:/opt/ros/jazzy DEBUGINFOD_URLS=https://debuginfod.ubuntu.com /usr/bin/cmake --install /home/shree-santh/assignment-ros2-c-service-server-shreesanth-78/build/ros2_service_server
[0.995s] Level 1:colcon.colcon_core.environment:checking '/home/shree-santh/assignment-ros2-c-service-server-shreesanth-78/install/ros2_service_server' for CMake module files
[0.998s] Level 1:colcon.colcon_core.environment:checking '/home/shree-santh/assignment-ros2-c-service-server-shreesanth-78/install/ros2_service_server' for CMake config files
[0.999s] Level 1:colcon.colcon_core.shell:create_environment_hook('ros2_service_server', 'cmake_prefix_path')
[0.999s] INFO:colcon.colcon_core.shell:Creating environment hook '/home/shree-santh/assignment-ros2-c-service-server-shreesanth-78/install/ros2_service_server/share/ros2_service_server/hook/cmake_prefix_path.ps1'
[1.002s] INFO:colcon.colcon_core.shell:Creating environment descriptor '/home/shree-santh/assignment-ros2-c-service-server-shreesanth-78/install/ros2_service_server/share/ros2_service_server/hook/cmake_prefix_path.dsv'
[1.003s] INFO:colcon.colcon_core.shell:Creating environment hook '/home/shree-santh/assignment-ros2-c-service-server-shreesanth-78/install/ros2_service_server/share/ros2_service_server/hook/cmake_prefix_path.sh'
[1.005s] Level 1:colcon.colcon_core.environment:checking '/home/shree-santh/assignment-ros2-c-service-server-shreesanth-78/install/ros2_service_server/lib'
[1.006s] Level 1:colcon.colcon_core.environment:checking '/home/shree-santh/assignment-ros2-c-service-server-shreesanth-78/install/ros2_service_server/bin'
[1.006s] Level 1:colcon.colcon_core.environment:checking '/home/shree-santh/assignment-ros2-c-service-server-shreesanth-78/install/ros2_service_server/lib/pkgconfig/ros2_service_server.pc'
[1.006s] Level 1:colcon.colcon_core.environment:checking '/home/shree-santh/assignment-ros2-c-service-server-shreesanth-78/install/ros2_service_server/lib/python3.12/site-packages'
[1.007s] Level 1:colcon.colcon_core.environment:checking '/home/shree-santh/assignment-ros2-c-service-server-shreesanth-78/install/ros2_service_server/bin'
[1.008s] INFO:colcon.colcon_core.shell:Creating package script '/home/shree-santh/assignment-ros2-c-service-server-shreesanth-78/install/ros2_service_server/share/ros2_service_server/package.ps1'
[1.010s] INFO:colcon.colcon_core.shell:Creating package descriptor '/home/shree-santh/assignment-ros2-c-service-server-shreesanth-78/install/ros2_service_server/share/ros2_service_server/package.dsv'
[1.012s] INFO:colcon.colcon_core.shell:Creating package script '/home/shree-santh/assignment-ros2-c-service-server-shreesanth-78/install/ros2_service_server/share/ros2_service_server/package.sh'
[1.014s] INFO:colcon.colcon_core.shell:Creating package script '/home/shree-santh/assignment-ros2-c-service-server-shreesanth-78/install/ros2_service_server/share/ros2_service_server/package.bash'
[1.016s] INFO:colcon.colcon_core.shell:Creating package script '/home/shree-santh/assignment-ros2-c-service-server-shreesanth-78/install/ros2_service_server/share/ros2_service_server/package.zsh'
[1.018s] Level 1:colcon.colcon_core.environment:create_file_with_runtime_dependencies(/home/shree-santh/assignment-ros2-c-service-server-shreesanth-78/install/ros2_service_server/share/colcon-core/packages/ros2_service_server)
[1.020s] Level 1:colcon.colcon_core.environment:create_environment_scripts_only(ros2_service_server)
[1.020s] Level 1:colcon.colcon_core.environment:checking '/home/shree-santh/assignment-ros2-c-service-server-shreesanth-78/install/ros2_service_server' for CMake module files
[1.022s] Level 1:colcon.colcon_core.environment:checking '/home/shree-santh/assignment-ros2-c-service-server-shreesanth-78/install/ros2_service_server' for CMake config files
[1.023s] Level 1:colcon.colcon_core.shell:create_environment_hook('ros2_service_server', 'cmake_prefix_path')
[1.023s] INFO:colcon.colcon_core.shell:Creating environment hook '/home/shree-santh/assignment-ros2-c-service-server-shreesanth-78/install/ros2_service_server/share/ros2_service_server/hook/cmake_prefix_path.ps1'
[1.024s] INFO:colcon.colcon_core.shell:Creating environment descriptor '/home/shree-santh/assignment-ros2-c-service-server-shreesanth-78/install/ros2_service_server/share/ros2_service_server/hook/cmake_prefix_path.dsv'
[1.025s] INFO:colcon.colcon_core.shell:Creating environment hook '/home/shree-santh/assignment-ros2-c-service-server-shreesanth-78/install/ros2_service_server/share/ros2_service_server/hook/cmake_prefix_path.sh'
[1.027s] Level 1:colcon.colcon_core.environment:checking '/home/shree-santh/assignment-ros2-c-service-server-shreesanth-78/install/ros2_service_server/lib'
[1.028s] Level 1:colcon.colcon_core.environment:checking '/home/shree-santh/assignment-ros2-c-service-server-shreesanth-78/install/ros2_service_server/bin'
[1.028s] Level 1:colcon.colcon_core.environment:checking '/home/shree-santh/assignment-ros2-c-service-server-shreesanth-78/install/ros2_service_server/lib/pkgconfig/ros2_service_server.pc'
[1.029s] Level 1:colcon.colcon_core.environment:checking '/home/shree-santh/assignment-ros2-c-service-server-shreesanth-78/install/ros2_service_server/lib/python3.12/site-packages'
[1.030s] Level 1:colcon.colcon_core.environment:checking '/home/shree-santh/assignment-ros2-c-service-server-shreesanth-78/install/ros2_service_server/bin'
[1.030s] INFO:colcon.colcon_core.shell:Creating package script '/home/shree-santh/assignment-ros2-c-service-server-shreesanth-78/install/ros2_service_server/share/ros2_service_server/package.ps1'
[1.032s] INFO:colcon.colcon_core.shell:Creating package descriptor '/home/shree-santh/assignment-ros2-c-service-server-shreesanth-78/install/ros2_service_server/share/ros2_service_server/package.dsv'
[1.034s] INFO:colcon.colcon_core.shell:Creating package script '/home/shree-santh/assignment-ros2-c-service-server-shreesanth-78/install/ros2_service_server/share/ros2_service_server/package.sh'
[1.035s] INFO:colcon.colcon_core.shell:Creating package script '/home/shree-santh/assignment-ros2-c-service-server-shreesanth-78/install/ros2_service_server/share/ros2_service_server/package.bash'
[1.036s] INFO:colcon.colcon_core.shell:Creating package script '/home/shree-santh/assignment-ros2-c-service-server-shreesanth-78/install/ros2_service_server/share/ros2_service_server/package.zsh'
[1.037s] Level 1:colcon.colcon_core.environment:create_file_with_runtime_dependencies(/home/shree-santh/assignment-ros2-c-service-server-shreesanth-78/install/ros2_service_server/share/colcon-core/packages/ros2_service_server)
[1.038s] DEBUG:colcon.colcon_parallel_executor.executor.parallel:closing loop
[1.039s] DEBUG:colcon.colcon_parallel_executor.executor.parallel:loop closed
[1.039s] DEBUG:colcon.colcon_parallel_executor.executor.parallel:run_until_complete finished with '0'
[1.039s] DEBUG:colcon.colcon_core.event_reactor:joining thread
[1.086s] INFO:colcon.colcon_core.plugin_system:Skipping extension 'colcon_notification.desktop_notification.terminal_notifier': Not used on non-Darwin systems
[1.086s] INFO:colcon.colcon_core.plugin_system:Skipping extension 'colcon_notification.desktop_notification.win32': Not used on non-Windows systems
[1.086s] INFO:colcon.colcon_notification.desktop_notification:Sending desktop notification using 'notify2'
[1.120s] DEBUG:colcon.colcon_core.event_reactor:joined thread
[1.120s] INFO:colcon.colcon_core.shell:Creating prefix script '/home/shree-santh/assignment-ros2-c-service-server-shreesanth-78/install/local_setup.ps1'
[1.122s] INFO:colcon.colcon_core.shell:Creating prefix util module '/home/shree-santh/assignment-ros2-c-service-server-shreesanth-78/install/_local_setup_util_ps1.py'
[1.127s] INFO:colcon.colcon_core.shell:Creating prefix chain script '/home/shree-santh/assignment-ros2-c-service-server-shreesanth-78/install/setup.ps1'
[1.130s] INFO:colcon.colcon_core.shell:Creating prefix script '/home/shree-santh/assignment-ros2-c-service-server-shreesanth-78/install/local_setup.sh'
[1.132s] INFO:colcon.colcon_core.shell:Creating prefix util module '/home/shree-santh/assignment-ros2-c-service-server-shreesanth-78/install/_local_setup_util_sh.py'
[1.134s] INFO:colcon.colcon_core.shell:Creating prefix chain script '/home/shree-santh/assignment-ros2-c-service-server-shreesanth-78/install/setup.sh'
[1.137s] INFO:colcon.colcon_core.shell:Creating prefix script '/home/shree-santh/assignment-ros2-c-service-server-shreesanth-78/install/local_setup.bash'
[1.139s] INFO:colcon.colcon_core.shell:Creating prefix chain script '/home/shree-santh/assignment-ros2-c-service-server-shreesanth-78/install/setup.bash'
[1.142s] INFO:colcon.colcon_core.shell:Creating prefix script '/home/shree-santh/assignment-ros2-c-service-server-shreesanth-78/install/local_setup.zsh'
[1.143s] INFO:colcon.colcon_core.shell:Creating prefix chain script '/home/shree-santh/assignment-ros2-c-service-server-shreesanth-78/install/setup.zsh'
