[0.022s] Invoking command in '/home/shree-santh/assignment-ros2-c-service-server-shreesanth-78/build/ros2_service_server': CMAKE_PREFIX_PATH=${CMAKE_PREFIX_PATH}:/opt/ros/jazzy DEBUGINFOD_URLS=https://debuginfod.ubuntu.com /usr/bin/cmake /home/shree-santh/assignment-ros2-c-service-server-shreesanth-78 -DCMAKE_INSTALL_PREFIX=/home/shree-santh/assignment-ros2-c-service-server-shreesanth-78/install/ros2_service_server
[0.134s] -- The C compiler identification is GNU 13.3.0
[0.250s] -- The CXX compiler identification is GNU 13.3.0
[0.282s] -- Detecting C compiler ABI info
[0.457s] -- Detecting C compiler ABI info - done
[0.478s] -- Check for working C compiler: /usr/bin/cc - skipped
[0.478s] -- Detecting C compile features
[0.480s] -- Detecting C compile features - done
[0.498s] -- Detecting CXX compiler ABI info
[0.695s] -- Detecting CXX compiler ABI info - done
[0.717s] -- Check for working CXX compiler: /usr/bin/c++ - skipped
[0.717s] -- Detecting CXX compile features
[0.719s] -- Detecting CXX compile features - done
[0.728s] -- Found ament_cmake: 2.5.4 (/opt/ros/jazzy/share/ament_cmake/cmake)
[1.061s] -- Found Python3: /usr/bin/python3 (found version "3.12.3") found components: Interpreter 
[1.349s] -- Found rclcpp: 28.1.13 (/opt/ros/jazzy/share/rclcpp/cmake)
[1.529s] -- Found rosidl_generator_c: 4.6.6 (/opt/ros/jazzy/share/rosidl_generator_c/cmake)
[1.589s] -- Found rosidl_generator_cpp: 4.6.6 (/opt/ros/jazzy/share/rosidl_generator_cpp/cmake)
[1.660s] -- Using all available rosidl_typesupport_c: rosidl_typesupport_fastrtps_c;rosidl_typesupport_introspection_c
[1.740s] -- Using all available rosidl_typesupport_cpp: rosidl_typesupport_fastrtps_cpp;rosidl_typesupport_introspection_cpp
[1.977s] -- Found rmw_implementation_cmake: 7.3.2 (/opt/ros/jazzy/share/rmw_implementation_cmake/cmake)
[1.988s] -- Found rmw_fastrtps_cpp: 8.4.3 (/opt/ros/jazzy/share/rmw_fastrtps_cpp/cmake)
[2.178s] -- Found OpenSSL: /usr/lib/x86_64-linux-gnu/libcrypto.so (found version "3.0.13")  
[2.226s] -- Found FastRTPS: /opt/ros/jazzy/include (Required is at least version "2.13") 
[2.277s] -- Using RMW implementation 'rmw_fastrtps_cpp' as default
[2.478s] -- Found example_interfaces: 0.12.0 (/opt/ros/jazzy/share/example_interfaces/cmake)
[2.621s] -- Found ament_lint_auto: 0.17.3 (/opt/ros/jazzy/share/ament_lint_auto/cmake)
[2.925s] -- Added test 'copyright' to check source files copyright and LICENSE
[2.941s] -- Added test 'cppcheck' to perform static code analysis on C / C++ code
[2.942s] -- Configured cppcheck include dirs: 
[2.942s] -- Configured cppcheck exclude dirs and/or files: 
[2.958s] -- Added test 'cpplint' to check C / C++ code against the Google style
[2.959s] -- Configured cpplint exclude dirs and/or files: 
[2.966s] -- Added test 'lint_cmake' to check CMake code style
[2.984s] -- Added test 'uncrustify' to check C / C++ code style
[2.985s] -- Configured uncrustify additional arguments: 
[2.988s] -- Added test 'xmllint' to check XML markup files
[2.993s] -- Configuring done (3.0s)
[3.020s] -- Generating done (0.0s)
[3.029s] -- Build files have been written to: /home/shree-santh/assignment-ros2-c-service-server-shreesanth-78/build/ros2_service_server
[3.049s] Invoked command in '/home/shree-santh/assignment-ros2-c-service-server-shreesanth-78/build/ros2_service_server' returned '0': CMAKE_PREFIX_PATH=${CMAKE_PREFIX_PATH}:/opt/ros/jazzy DEBUGINFOD_URLS=https://debuginfod.ubuntu.com /usr/bin/cmake /home/shree-santh/assignment-ros2-c-service-server-shreesanth-78 -DCMAKE_INSTALL_PREFIX=/home/shree-santh/assignment-ros2-c-service-server-shreesanth-78/install/ros2_service_server
[3.053s] Invoking command in '/home/shree-santh/assignment-ros2-c-service-server-shreesanth-78/build/ros2_service_server': CMAKE_PREFIX_PATH=${CMAKE_PREFIX_PATH}:/opt/ros/jazzy DEBUGINFOD_URLS=https://debuginfod.ubuntu.com /usr/bin/cmake --build /home/shree-santh/assignment-ros2-c-service-server-shreesanth-78/build/ros2_service_server -- -j4 -l4
[3.168s] [ 50%] [32mBuilding CXX object CMakeFiles/add_two_ints_server.dir/src/add_two_ints_server.cpp.o[0m
[11.493s] [100%] [32m[1mLinking CXX executable add_two_ints_server[0m
[11.842s] [100%] Built target add_two_ints_server
[11.866s] Invoked command in '/home/shree-santh/assignment-ros2-c-service-server-shreesanth-78/build/ros2_service_server' returned '0': CMAKE_PREFIX_PATH=${CMAKE_PREFIX_PATH}:/opt/ros/jazzy DEBUGINFOD_URLS=https://debuginfod.ubuntu.com /usr/bin/cmake --build /home/shree-santh/assignment-ros2-c-service-server-shreesanth-78/build/ros2_service_server -- -j4 -l4
[11.892s] Invoking command in '/home/shree-santh/assignment-ros2-c-service-server-shreesanth-78/build/ros2_service_server': CMAKE_PREFIX_PATH=${CMAKE_PREFIX_PATH}:/opt/ros/jazzy DEBUGINFOD_URLS=https://debuginfod.ubuntu.com /usr/bin/cmake --install /home/shree-santh/assignment-ros2-c-service-server-shreesanth-78/build/ros2_service_server
[11.913s] -- Install configuration: ""
[11.913s] -- Installing: /home/shree-santh/assignment-ros2-c-service-server-shreesanth-78/install/ros2_service_server/lib/ros2_service_server/add_two_ints_server
[11.915s] -- Set non-toolchain portion of runtime path of "/home/shree-santh/assignment-ros2-c-service-server-shreesanth-78/install/ros2_service_server/lib/ros2_service_server/add_two_ints_server" to ""
[11.915s] -- Installing: /home/shree-santh/assignment-ros2-c-service-server-shreesanth-78/install/ros2_service_server/share/ament_index/resource_index/package_run_dependencies/ros2_service_server
[11.916s] -- Installing: /home/shree-santh/assignment-ros2-c-service-server-shreesanth-78/install/ros2_service_server/share/ament_index/resource_index/parent_prefix_path/ros2_service_server
[11.916s] -- Installing: /home/shree-santh/assignment-ros2-c-service-server-shreesanth-78/install/ros2_service_server/share/ros2_service_server/environment/ament_prefix_path.sh
[11.916s] -- Installing: /home/shree-santh/assignment-ros2-c-service-server-shreesanth-78/install/ros2_service_server/share/ros2_service_server/environment/ament_prefix_path.dsv
[11.917s] -- Installing: /home/shree-santh/assignment-ros2-c-service-server-shreesanth-78/install/ros2_service_server/share/ros2_service_server/environment/path.sh
[11.917s] -- Installing: /home/shree-santh/assignment-ros2-c-service-server-shreesanth-78/install/ros2_service_server/share/ros2_service_server/environment/path.dsv
[11.917s] -- Installing: /home/shree-santh/assignment-ros2-c-service-server-shreesanth-78/install/ros2_service_server/share/ros2_service_server/local_setup.bash
[11.918s] -- Installing: /home/shree-santh/assignment-ros2-c-service-server-shreesanth-78/install/ros2_service_server/share/ros2_service_server/local_setup.sh
[11.918s] -- Installing: /home/shree-santh/assignment-ros2-c-service-server-shreesanth-78/install/ros2_service_server/share/ros2_service_server/local_setup.zsh
[11.918s] -- Installing: /home/shree-santh/assignment-ros2-c-service-server-shreesanth-78/install/ros2_service_server/share/ros2_service_server/local_setup.dsv
[11.918s] -- Installing: /home/shree-santh/assignment-ros2-c-service-server-shreesanth-78/install/ros2_service_server/share/ros2_service_server/package.dsv
[11.919s] -- Installing: /home/shree-santh/assignment-ros2-c-service-server-shreesanth-78/install/ros2_service_server/share/ament_index/resource_index/packages/ros2_service_server
[11.919s] -- Installing: /home/shree-santh/assignment-ros2-c-service-server-shreesanth-78/install/ros2_service_server/share/ros2_service_server/cmake/ros2_service_serverConfig.cmake
[11.920s] -- Installing: /home/shree-santh/assignment-ros2-c-service-server-shreesanth-78/install/ros2_service_server/share/ros2_service_server/cmake/ros2_service_serverConfig-version.cmake
[11.922s] -- Installing: /home/shree-santh/assignment-ros2-c-service-server-shreesanth-78/install/ros2_service_server/share/ros2_service_server/package.xml
[11.926s] Invoked command in '/home/shree-santh/assignment-ros2-c-service-server-shreesanth-78/build/ros2_service_server' returned '0': CMAKE_PREFIX_PATH=${CMAKE_PREFIX_PATH}:/opt/ros/jazzy DEBUGINFOD_URLS=https://debuginfod.ubuntu.com /usr/bin/cmake --install /home/shree-santh/assignment-ros2-c-service-server-shreesanth-78/build/ros2_service_server
