[0.028s] Invoking command in '/home/shree-santh/assignment-ros2-c-service-server-shreesanth-78/build/ros2_service_server': CMAKE_PREFIX_PATH=${CMAKE_PREFIX_PATH}:/opt/ros/jazzy DEBUGINFOD_URLS=https://debuginfod.ubuntu.com /usr/bin/cmake --build /home/shree-santh/assignment-ros2-c-service-server-shreesanth-78/build/ros2_service_server -- -j4 -l4
[0.215s] [100%] Built target add_two_ints_server
[0.248s] Invoked command in '/home/shree-santh/assignment-ros2-c-service-server-shreesanth-78/build/ros2_service_server' returned '0': CMAKE_PREFIX_PATH=${CMAKE_PREFIX_PATH}:/opt/ros/jazzy DEBUGINFOD_URLS=https://debuginfod.ubuntu.com /usr/bin/cmake --build /home/shree-santh/assignment-ros2-c-service-server-shreesanth-78/build/ros2_service_server -- -j4 -l4
[0.275s] Invoking command in '/home/shree-santh/assignment-ros2-c-service-server-shreesanth-78/build/ros2_service_server': CMAKE_PREFIX_PATH=${CMAKE_PREFIX_PATH}:/opt/ros/jazzy DEBUGINFOD_URLS=https://debuginfod.ubuntu.com /usr/bin/cmake --install /home/shree-santh/assignment-ros2-c-service-server-shreesanth-78/build/ros2_service_server
[0.303s] -- Install configuration: ""
[0.304s] -- Up-to-date: /home/shree-santh/assignment-ros2-c-service-server-shreesanth-78/install/ros2_service_server/lib/ros2_service_server/add_two_ints_server
[0.304s] -- Up-to-date: /home/shree-santh/assignment-ros2-c-service-server-shreesanth-78/install/ros2_service_server/share/ament_index/resource_index/package_run_dependencies/ros2_service_server
[0.305s] -- Up-to-date: /home/shree-santh/assignment-ros2-c-service-server-shreesanth-78/install/ros2_service_server/share/ament_index/resource_index/parent_prefix_path/ros2_service_server
[0.305s] -- Up-to-date: /home/shree-santh/assignment-ros2-c-service-server-shreesanth-78/install/ros2_service_server/share/ros2_service_server/environment/ament_prefix_path.sh
[0.305s] -- Up-to-date: /home/shree-santh/assignment-ros2-c-service-server-shreesanth-78/install/ros2_service_server/share/ros2_service_server/environment/ament_prefix_path.dsv
[0.305s] -- Up-to-date: /home/shree-santh/assignment-ros2-c-service-server-shreesanth-78/install/ros2_service_server/share/ros2_service_server/environment/path.sh
[0.306s] -- Up-to-date: /home/shree-santh/assignment-ros2-c-service-server-shreesanth-78/install/ros2_service_server/share/ros2_service_server/environment/path.dsv
[0.306s] -- Up-to-date: /home/shree-santh/assignment-ros2-c-service-server-shreesanth-78/install/ros2_service_server/share/ros2_service_server/local_setup.bash
[0.307s] -- Up-to-date: /home/shree-santh/assignment-ros2-c-service-server-shreesanth-78/install/ros2_service_server/share/ros2_service_server/local_setup.sh
[0.307s] -- Up-to-date: /home/shree-santh/assignment-ros2-c-service-server-shreesanth-78/install/ros2_service_server/share/ros2_service_server/local_setup.zsh
[0.307s] -- Up-to-date: /home/shree-santh/assignment-ros2-c-service-server-shreesanth-78/install/ros2_service_server/share/ros2_service_server/local_setup.dsv
[0.308s] -- Installing: /home/shree-santh/assignment-ros2-c-service-server-shreesanth-78/install/ros2_service_server/share/ros2_service_server/package.dsv
[0.308s] -- Up-to-date: /home/shree-santh/assignment-ros2-c-service-server-shreesanth-78/install/ros2_service_server/share/ament_index/resource_index/packages/ros2_service_server
[0.310s] -- Up-to-date: /home/shree-santh/assignment-ros2-c-service-server-shreesanth-78/install/ros2_service_server/share/ros2_service_server/cmake/ros2_service_serverConfig.cmake
[0.310s] -- Up-to-date: /home/shree-santh/assignment-ros2-c-service-server-shreesanth-78/install/ros2_service_server/share/ros2_service_server/cmake/ros2_service_serverConfig-version.cmake
[0.310s] -- Up-to-date: /home/shree-santh/assignment-ros2-c-service-server-shreesanth-78/install/ros2_service_server/share/ros2_service_server/package.xml
[0.312s] Invoked command in '/home/shree-santh/assignment-ros2-c-service-server-shreesanth-78/build/ros2_service_server' returned '0': CMAKE_PREFIX_PATH=${CMAKE_PREFIX_PATH}:/opt/ros/jazzy DEBUGINFOD_URLS=https://debuginfod.ubuntu.com /usr/bin/cmake --install /home/shree-santh/assignment-ros2-c-service-server-shreesanth-78/build/ros2_service_server
